<?xml version="1.0" encoding="UTF-8"?>
<testng-results ignored="0" total="2" passed="2" failed="0" skipped="0">
  <reporter-output>
  </reporter-output>
  <suite started-at="2022-05-05T15:21:12 IST" name="Suite" finished-at="2022-05-05T15:21:24 IST" duration-ms="12410">
    <groups>
    </groups>
    <test started-at="2022-05-05T15:21:12 IST" name="Test" finished-at="2022-05-05T15:21:24 IST" duration-ms="12410">
      <class name="javapackage.TestNG_parallel_execution_2">
        <test-method signature="a()[pri:0, instance:javapackage.TestNG_parallel_execution_2@22e357dc]" started-at="2022-05-05T15:21:12 IST" name="a" finished-at="2022-05-05T15:21:23 IST" duration-ms="11326" status="PASS">
          <reporter-output>
          </reporter-output>
        </test-method> <!-- a -->
      </class> <!-- javapackage.TestNG_parallel_execution_2 -->
      <class name="javapackage.TestNG_parallel_execution_1">
        <test-method signature="a()[pri:0, instance:javapackage.TestNG_parallel_execution_1@7ea9e1e2]" started-at="2022-05-05T15:21:12 IST" name="a" finished-at="2022-05-05T15:21:24 IST" duration-ms="12348" status="PASS">
          <reporter-output>
          </reporter-output>
        </test-method> <!-- a -->
      </class> <!-- javapackage.TestNG_parallel_execution_1 -->
    </test> <!-- Test -->
  </suite> <!-- Suite -->
</testng-results>
